Contact/proguard/seeds.txt
com.jiec.contact.ContactDetailActivity
com.jiec.contact.ContactDetailActivity: ContactDetailActivity()
com.jiec.contact.ContactDetailActivity: void onClick(android.view.View)
com.jiec.contact.ContactEditActivity
com.jiec.contact.ContactEditActivity: ContactEditActivity()
com.jiec.contact.LoginUIDActivity
com.jiec.contact.LoginUIDActivity: LoginUIDActivity()
com.jiec.contact.MainActivity
com.jiec.contact.MainActivity: MainActivity()
com.jiec.contact.MyApplication
com.jiec.contact.MyApplication: MyApplication()
com.jiec.contact.MyContactActivity
com.jiec.contact.MyContactActivity: MyContactActivity()
com.jiec.contact.MyJobActivity
com.jiec.contact.MyJobActivity: MyJobActivity()
com.jiec.contact.MyRecordActivity
com.jiec.contact.MyRecordActivity: MyRecordActivity()
com.jiec.contact.SaveFileService
com.jiec.contact.SaveFileService: SaveFileService()
com.jiec.contact.SendMsmActivity
com.jiec.contact.SendMsmActivity: SendMsmActivity()
com.jiec.contact.SettingActivity
com.jiec.contact.SettingActivity: SettingActivity()
com.jiec.contact.core.AppReceiver
com.jiec.contact.core.AppReceiver: AppReceiver()
com.jiec.contact.model.Contact
com.jiec.contact.model.Contact: android.os.Parcelable$Creator CREATOR
com.jiec.contact.widget.JiecEditText
com.jiec.contact.widget.JiecEditText: JiecEditText(android.content.Context)
com.jiec.contact.widget.JiecEditText: JiecEditText(android.content.Context,android.util.AttributeSet,int)
com.jiec.contact.widget.JiecEditText: JiecEditText(android.content.Context,android.util.AttributeSet)
com.jiec.contact.widget.ListViewForScrollView
com.jiec.contact.widget.ListViewForScrollView: ListViewForScrollView(android.content.Context)
com.jiec.contact.widget.ListViewForScrollView: ListViewForScrollView(android.content.Context,android.util.AttributeSet)
com.jiec.contact.widget.ListViewForScrollView: ListViewForScrollView(android.content.Context,android.util.AttributeSet,int)
...
android.support.v4.widget.DrawerLayout$LayoutParams
android.support.v4.widget.DrawerLayout$LayoutParams: DrawerLayout$LayoutParams(android.content.Context,android.util.AttributeSet)
android.support.v4.widget.DrawerLayout$SavedState
android.support.v4.widget.DrawerLayout$SavedState: android.os.Parcelable$Creator CREATOR
android.support.v4.widget.SlidingPaneLayout
android.support.v4.widget.SlidingPaneLayout: SlidingPaneLayout(android.content.Context,android.util.AttributeSet)
android.support.v4.widget.SlidingPaneLayout: SlidingPaneLayout(android.content.Context,android.util.AttributeSet,int)
android.support.v4.widget.SlidingPaneLayout$LayoutParams
android.support.v4.widget.SlidingPaneLayout$LayoutParams: SlidingPaneLayout$LayoutParams(android.content.Context,android.util.AttributeSet)
android.support.v4.widget.SlidingPaneLayout$SavedState
android.support.v4.widget.SlidingPaneLayout$SavedState: android.os.Parcelable$Creator CREATOR
com.umeng.analytics.Gender: com.umeng.analytics.Gender[] values()
com.umeng.analytics.Gender: com.umeng.analytics.Gender valueOf(java.lang.String)
com.umeng.analytics.social.UMPlatformData$GENDER: com.umeng.analytics.social.UMPlatformData$GENDER[] values()
com.umeng.analytics.social.UMPlatformData$GENDER: com.umeng.analytics.social.UMPlatformData$GENDER valueOf(java.lang.String)
com.umeng.analytics.social.UMPlatformData$UMedia: com.umeng.analytics.social.UMPlatformData$UMedia[] values()
com.umeng.analytics.social.UMPlatformData$UMedia: com.umeng.analytics.social.UMPlatformData$UMedia valueOf(java.lang.String)
org.apache.commons.net.ftp.FTPCmd: org.apache.commons.net.ftp.FTPCmd[] values()
org.apache.commons.net.ftp.FTPCmd: org.apache.commons.net.ftp.FTPCmd valueOf(java.lang.String)
org.apache.commons.net.imap.AuthenticatingIMAPClient$AUTH_METHOD: org.apache.commons.net.imap.AuthenticatingIMAPClient$AUTH_METHOD[] values()
org.apache.commons.net.imap.AuthenticatingIMAPClient$AUTH_METHOD: org.apache.commons.net.imap.AuthenticatingIMAPClient$AUTH_METHOD valueOf(java.lang.String)
org.apache.commons.net.imap.IMAP$IMAPState: org.apache.commons.net.imap.IMAP$IMAPState[] values()
org.apache.commons.net.imap.IMAP$IMAPState: org.apache.commons.net.imap.IMAP$IMAPState valueOf(java.lang.String)
org.apache.commons.net.imap.IMAPClient$FETCH_ITEM_NAMES: org.apache.commons.net.imap.IMAPClient$FETCH_ITEM_NAMES[] values()
org.apache.commons.net.imap.IMAPClient$FETCH_ITEM_NAMES: org.apache.commons.net.imap.IMAPClient$FETCH_ITEM_NAMES valueOf(java.lang.String)
org.apache.commons.net.imap.IMAPClient$SEARCH_CRITERIA: org.apache.commons.net.imap.IMAPClient$SEARCH_CRITERIA[] values()
org.apache.commons.net.imap.IMAPClient$SEARCH_CRITERIA: org.apache.commons.net.imap.IMAPClient$SEARCH_CRITERIA valueOf(java.lang.String)
org.apache.commons.net.imap.IMAPClient$STATUS_DATA_ITEMS: org.apache.commons.net.imap.IMAPClient$STATUS_DATA_ITEMS[] values()
org.apache.commons.net.imap.IMAPClient$STATUS_DATA_ITEMS: org.apache.commons.net.imap.IMAPClient$STATUS_DATA_ITEMS valueOf(java.lang.String)
org.apache.commons.net.imap.IMAPCommand: org.apache.commons.net.imap.IMAPCommand[] values()
org.apache.commons.net.imap.IMAPCommand: org.apache.commons.net.imap.IMAPCommand valueOf(java.lang.String)
org.apache.commons.net.pop3.ExtendedPOP3Client$AUTH_METHOD: org.apache.commons.net.pop3.ExtendedPOP3Client$AUTH_METHOD[] values()
org.apache.commons.net.pop3.ExtendedPOP3Client$AUTH_METHOD: org.apache.commons.net.pop3.ExtendedPOP3Client$AUTH_METHOD valueOf(java.lang.String)
org.apache.commons.net.smtp.AuthenticatingSMTPClient$AUTH_METHOD: org.apache.commons.net.smtp.AuthenticatingSMTPClient$AUTH_METHOD[] values()
org.apache.commons.net.smtp.AuthenticatingSMTPClient$AUTH_METHOD: org.apache.commons.net.smtp.AuthenticatingSMTPClient$AUTH_METHOD valueOf(java.lang.String)
u.aly.ag: u.aly.ag[] values()
u.aly.ag: u.aly.ag valueOf(java.lang.String)
u.aly.ah$e: u.aly.ah$e[] values()
u.aly.ah$e: u.aly.ah$e valueOf(java.lang.String)