Contact/proguard/mapping.txt
com.jiec.contact.ContactDetailActivity -> com.jiec.contact.ContactDetailActivity:
    android.widget.Button mBtnEdit -> m
    android.widget.Button mBtnBack -> n
    com.jiec.contact.model.Contact mContact -> o
    android.widget.ImageButton mBGCall_1 -> a
    android.widget.ImageButton mBGCall_2 -> b
    android.widget.ImageButton mBGCall_3 -> c
    android.widget.ImageButton mYDCall_1 -> d
    android.widget.ImageButton mYDCall_2 -> e
    android.widget.ImageButton mYDCall_3 -> f
    android.widget.ImageButton mBGChat_1 -> g
    android.widget.ImageButton mBGChat_2 -> h
    android.widget.ImageButton mBGChat_3 -> i
    android.widget.ImageButton mYDChat_1 -> j
    android.widget.ImageButton mYDChat_2 -> k
    android.widget.ImageButton mYDChat_3 -> l
    42:99:void onCreate(android.os.Bundle) -> onCreate
    102:149:void updateView() -> b
    153:178:void onClick(android.view.View) -> onClick
    183:187:void onDataChanged() -> a
    192:194:void onDestroy() -> onDestroy
    198:201:void onResume() -> onResume
    205:209:void onPause() -> onPause
    34:34:com.jiec.contact.model.Contact access$0(com.jiec.contact.ContactDetailActivity) -> a
com.jiec.contact.ContactDetailActivity$1 -> com.jiec.contact.ContactDetailActivity$1:
    com.jiec.contact.ContactDetailActivity this$0 -> a
    54:57:void onClick(android.view.View) -> onClick
com.jiec.contact.ContactDetailActivity$2 -> com.jiec.contact.ContactDetailActivity$2:
    com.jiec.contact.ContactDetailActivity this$0 -> a
    66:67:void onClick(android.view.View) -> onClick
com.jiec.contact.ContactEditActivity -> com.jiec.contact.ContactEditActivity:
    android.widget.Button mBtnSave -> a
    android.widget.Button mBtnBack -> b
    android.widget.EditText mCompanyEditText -> c
    android.widget.EditText mNameEditText -> d
    com.jiec.contact.widget.JiecEditText mYD_1EditText -> e
    com.jiec.contact.widget.JiecEditText mYD_2EditText -> f
    com.jiec.contact.widget.JiecEditText mYD_3EditText -> g
    com.jiec.contact.widget.JiecEditText mBG_1EditText -> h
    com.jiec.contact.widget.JiecEditText mBG_2EditText -> i
    com.jiec.contact.widget.JiecEditText mBG_3EditText -> j
    android.widget.EditText mQQEditText -> k
    android.widget.EditText mEmail_1EditText -> l
    android.widget.EditText mEmail_2EditText -> m
    android.widget.EditText mEmail_3EditText -> n
    android.widget.EditText mOwnEditText -> o
    android.widget.EditText mLastEditText -> p
    android.widget.EditText mTypeEditText -> q
    java.lang.String mCompanyId -> r
    java.lang.String mCompanyName -> s
    int mContactType -> t
    boolean mIsNewContact -> u
    com.jiec.contact.model.Contact mContact -> v
    int mContactId -> w
    java.lang.String mSaveNumber -> x
    76:264:void onCreate(android.os.Bundle) -> onCreate
    267:322:void setContactContain() -> a
    326:329:void onResume() -> onResume
    333:337:void onPause() -> onPause
    49:49:android.widget.EditText access$0(com.jiec.contact.ContactEditActivity) -> a
com.jiec.contact.ContactEditActivity$1 -> com.jiec.contact.ContactEditActivity$1:
    com.jiec.contact.ContactEditActivity this$0 -> a
    93:112:void onClick(android.view.View) -> onClick
    89:89:com.jiec.contact.ContactEditActivity access$0(com.jiec.contact.ContactEditActivity$1) -> a
com.jiec.contact.ContactEditActivity$1$1 -> com.jiec.contact.ContactEditActivity$1$1:
    com.jiec.contact.ContactEditActivity$1 this$1 -> a
    98:109:void onClick(java.lang.String,java.lang.String) -> a
    94:94:com.jiec.contact.ContactEditActivity$1 access$0(com.jiec.contact.ContactEditActivity$1$1) -> a
com.jiec.contact.ContactEditActivity$1$1$1 -> com.jiec.contact.ContactEditActivity$1$1$1:
    com.jiec.contact.ContactEditActivity$1$1 this$2 -> a
    java.lang.String val$_name -> b
    java.lang.String val$_id -> c
    104:107:void run() -> run
...
com.umeng.analytics.c$2 -> com.a.a.g$2:
    android.content.Context a -> a
    com.umeng.analytics.c b -> b
    141:142:void a() -> a
com.umeng.analytics.d -> com.a.a.h:
    java.util.concurrent.ExecutorService a -> a
    long b -> b
    java.util.concurrent.ExecutorService c -> c
    16:21:void a(java.lang.Runnable) -> a
    25:31:void a() -> a
    41:45:void b(java.lang.Runnable) -> b
com.umeng.analytics.e -> com.a.a.i:
    8:12:void run() -> run
    void a() -> a
com.umeng.analytics.f -> com.a.a.j:
    com.umeng.analytics.f a -> a
    android.content.Context b -> b
    java.lang.String c -> c
    long d -> d
    long e -> e
    26:34:com.umeng.analytics.f a(android.content.Context) -> a
    42:48:boolean a(java.io.File) -> a
    102:112:int[] a() -> a
    126:148:byte[] b() -> b
    152:158:void a(byte[]) -> a
    161:163:void c() -> c
    172:195:byte[] d() -> d
    200:205:void b(byte[]) -> b
    208:212:void e() -> e
    215:222:boolean f() -> f
    248:248:android.content.SharedPreferences g() -> g
    264:264:java.lang.String l() -> h
    268:268:java.lang.String m() -> i
    272:272:java.lang.String n() -> j
com.umeng.analytics.onlineconfig.UmengOnlineConfigureListener -> com.a.a.a.a:
com.umeng.analytics.onlineconfig.a -> com.a.a.a.b:
    java.lang.String h -> a
    java.lang.String i -> b
    java.lang.String j -> c
    com.umeng.analytics.onlineconfig.UmengOnlineConfigureListener k -> d
    com.umeng.analytics.onlineconfig.c l -> e
    long m -> f
com.umeng.analytics.onlineconfig.c -> com.a.a.a.c:
org.apache.commons.net.MalformedServerReplyException -> a.a.a.a.a:
org.apache.commons.net.ProtocolCommandEvent -> a.a.a.a.b:
    int __replyCode -> a
    boolean __isCommand -> b
    java.lang.String __message -> c
    java.lang.String __command -> d
org.apache.commons.net.ProtocolCommandListener -> a.a.a.a.c:
    void protocolCommandSent(org.apache.commons.net.ProtocolCommandEvent) -> a
    void protocolReplyReceived(org.apache.commons.net.ProtocolCommandEvent) -> b
org.apache.commons.net.ProtocolCommandSupport -> a.a.a.a.d:
    java.lang.Object __source -> a
    org.apache.commons.net.util.ListenerList __listeners -> b
    71:77:void fireCommandSent(java.lang.String,java.lang.String) -> a
    95:101:void fireReplyReceived(int,java.lang.String) -> a
    131:131:int getListenerCount() -> a
org.apache.commons.net.SocketClient -> a.a.a.a.e:
    javax.net.SocketFactory __DEFAULT_SOCKET_FACTORY -> i
    javax.net.ServerSocketFactory __DEFAULT_SERVER_SOCKET_FACTORY -> j
    org.apache.commons.net.ProtocolCommandSupport __commandSupport -> k
    int _timeout_ -> a
    java.net.Socket _socket_ -> b
    int _defaultPort_ -> c
    java.io.InputStream _input_ -> d
    java.io.OutputStream _output_ -> e
    javax.net.SocketFactory _socketFactory_ -> f
    javax.net.ServerSocketFactory _serverSocketFactory_ -> g
    int connectTimeout -> h
    int receiveBufferSize -> l
    int sendBufferSize -> m
    java.nio.charset.Charset charset -> n
    153:156:void _connectAction_() -> a
    175:184:void connect(java.net.InetAddress,int) -> a
    203:204:void connect(java.lang.String,int) -> a
    312:318:void disconnect() -> b
    321:327:void closeQuietly(java.net.Socket) -> b
    330:336:void closeQuietly(java.io.Closeable) -> a
    346:350:boolean isConnected() -> c
    410:411:void setDefaultPort(int) -> a
    469:470:void setSoTimeout(int) -> b
    522:522:int getSoTimeout() -> d
    633:633:java.net.InetAddress getLocalAddress() -> e
    658:658:java.net.InetAddress getRemoteAddress() -> f
    675:678:boolean verifyRemote(java.net.Socket) -> a
    778:781:void fireReplyReceived(int,java.lang.String) -> a
    791:794:void fireCommandSent(java.lang.String,java.lang.String) -> a
    811:811:org.apache.commons.net.ProtocolCommandSupport getCommandSupport() -> g